2024-12-12 11:33:20,428 - INFO - Training started with roberta-base Embedding for ['lr', 'rf', 'xgb', 'mlp', 'bilstm']
2024-12-12 11:33:20,428 - INFO - Preprocessing data/pandora_processed_train.csv
2024-12-12 11:33:21,043 - INFO - Before cleaning up: (46636, 141)
2024-12-12 11:33:21,091 - INFO - After Dropping duplicate: (45846, 139)
2024-12-12 11:33:21,469 - INFO - After Dropping less than 3 words: (44976, 139)
2024-12-12 11:33:21,469 - INFO - Inserting mean value for null values.
2024-12-12 11:33:21,700 - INFO - After Clean up: (44976, 139)
2024-12-12 11:33:21,701 - INFO - Generating Embedding from roberta-base
2024-12-12 11:54:25,621 - INFO - Embedding Completed for roberta-base
2024-12-12 11:54:25,777 - INFO - Preprocessing Completed. Total shape=(44976, 139)
2024-12-12 11:54:25,783 - INFO - >>>>>>>>>>>>>>>>>>>>>>>>>>>>>>>>>>>>>>>>>>>>>>>>>>>>>>>>>>>>>>>>>>>>>>
2024-12-12 11:54:25,783 - INFO - ----------
2024-12-12 11:54:25,783 - INFO - Trait: cOPN
2024-12-12 11:54:25,783 - INFO - ----------
2024-12-12 11:54:25,821 - INFO - Hybrid method combining SelectFromModel and Logistic Regression
2024-12-12 11:54:26,330 - INFO - selected Features: Index(['auxverb', 'number', 'ppron', 'memory', 'Perception', 'shehe', 'space',
       'Dic', 'Comma', 'polite', 'negate', 'we', 'discrep', 'lack', 'emo_neg',
       'friend', 'substances', 'home', 'positive', 'surprise', 'need',
       'female', 'health', 'BigWords', 'conj', 'i', 'prosocial', 'tentat',
       'they', 'nonflu', 'work', 'Exclam', 'article', 'money', 'cogproc',
       'visual', 'male', 'acquire', 'swear', 'power', 'leisure', 'ethnicity',
       'negative', 'Period', 'assent', 'tech', 'fear', 'adj', 'relig',
       'emo_anger', 'focuspast', 'emo_anx'],
      dtype='object')
2024-12-12 11:54:26,466 - INFO - statistical embedding: (44976, 52) 
2024-12-12 11:54:26,466 - INFO - contextual embedding: (44976, 768) 
2024-12-12 11:54:26,466 - INFO - total embedding: (44976, 820) 
2024-12-12 11:54:26,533 - INFO - Test size: 0.1, Train  size: (40478, 820), Val size: (4498, 820)
2024-12-12 11:54:26,544 - INFO - Data Preparation Completed.
2024-12-12 11:54:26,557 - INFO - Model Initiated.
2024-12-12 11:54:26,557 - INFO - Fitting and Saving Models...
2024-12-12 11:56:55,814 - INFO - MLP
2024-12-12 11:56:58,708 - INFO - Epoch [1/16], Train Loss: 0.6574, Val Loss: 0.6340, Val Accuracy: 0.6349
2024-12-12 11:57:10,930 - INFO - Epoch [5/16], Train Loss: 0.6081, Val Loss: 0.6037, Val Accuracy: 0.6512
2024-12-12 11:57:23,434 - INFO - Epoch [9/16], Train Loss: 0.5883, Val Loss: 0.5943, Val Accuracy: 0.6623
2024-12-12 11:57:35,891 - INFO - Epoch [13/16], Train Loss: 0.5724, Val Loss: 0.6013, Val Accuracy: 0.6672
2024-12-12 11:57:45,169 - INFO - BiLSTMClassifier
2024-12-12 11:57:57,594 - INFO - Epoch [1/16], Train Loss: 0.6647, Val Loss: 0.6323, Val Accuracy: 0.6385
2024-12-12 11:58:47,136 - INFO - Epoch [5/16], Train Loss: 0.5844, Val Loss: 0.5968, Val Accuracy: 0.6630
2024-12-12 11:59:36,395 - INFO - Epoch [9/16], Train Loss: 0.5243, Val Loss: 0.5873, Val Accuracy: 0.6727
2024-12-12 12:00:25,656 - INFO - Epoch [13/16], Train Loss: 0.4548, Val Loss: 0.6048, Val Accuracy: 0.6830
2024-12-12 12:01:02,609 - INFO - Validating Models...
2024-12-12 12:01:02,609 - INFO - ====================
2024-12-12 12:01:02,620 - INFO - LR Val Acc: 0.65
2024-12-12 12:01:02,922 - INFO - RF Val Acc: 0.64
2024-12-12 12:01:02,931 - INFO - SGBoost Val Acc: 0.65
2024-12-12 12:01:02,932 - INFO - MLP Val Acc: 0.67
2024-12-12 12:01:02,932 - INFO - BiLSTM Val Acc: 0.67
2024-12-12 12:01:02,932 - INFO - ====================
2024-12-12 12:01:02,932 - INFO - >>>>>>>>>>>>>>>>>>>>>>>>>>>>>>>>>>>>>>>>>>>>>>>>>>>>>>>>>>>>>>>>>>>>>>
2024-12-12 12:01:02,932 - INFO - ----------
2024-12-12 12:01:02,932 - INFO - Trait: cCON
2024-12-12 12:01:02,932 - INFO - ----------
2024-12-12 12:01:02,964 - INFO - Hybrid method combining SelectFromModel and Logistic Regression
2024-12-12 12:01:03,279 - INFO - selected Features: Index(['tone_pos', 'socrefs', 'Apostro', 'allnone', 'memory', 'Perception',
       'shehe', 'space', 'curiosity', 'Affect', 'motion', 'Comma', 'emo_sad',
       'cause', 'politic', 'Conversation', 'we', 'auditory', 'Segment',
       'discrep', 'lack', 'friend', 'substances', 'positive', 'surprise',
       'need', 'female', 'health', 'illness', 'i', 'risk', 'nonflu', 'Exclam',
       'money', 'disgust', 'sexual', 'visual', 'male', 'food', 'acquire',
       'swear', 'Physical', 'anticipation', 'ethnicity', 'attention', 'filler',
       'Culture', 'QMark', 'death', 'relig', 'family', 'fulfill', 'emo_anx'],
      dtype='object')
2024-12-12 12:01:03,435 - INFO - statistical embedding: (44976, 53) 
2024-12-12 12:01:03,435 - INFO - contextual embedding: (44976, 768) 
2024-12-12 12:01:03,435 - INFO - total embedding: (44976, 821) 
2024-12-12 12:01:03,575 - INFO - Test size: 0.1, Train  size: (40478, 821), Val size: (4498, 821)
2024-12-12 12:01:03,582 - INFO - Data Preparation Completed.
2024-12-12 12:01:03,594 - INFO - Model Initiated.
2024-12-12 12:01:03,594 - INFO - Fitting and Saving Models...
2024-12-12 12:03:31,781 - INFO - MLP
2024-12-12 12:03:34,551 - INFO - Epoch [1/16], Train Loss: 0.6165, Val Loss: 0.6014, Val Accuracy: 0.6772
2024-12-12 12:03:46,456 - INFO - Epoch [5/16], Train Loss: 0.5695, Val Loss: 0.5704, Val Accuracy: 0.6990
2024-12-12 12:03:58,592 - INFO - Epoch [9/16], Train Loss: 0.5509, Val Loss: 0.5551, Val Accuracy: 0.7059
2024-12-12 12:04:10,656 - INFO - Epoch [13/16], Train Loss: 0.5384, Val Loss: 0.5480, Val Accuracy: 0.7134
2024-12-12 12:04:19,690 - INFO - BiLSTMClassifier
2024-12-12 12:04:31,645 - INFO - Epoch [1/16], Train Loss: 0.6233, Val Loss: 0.5955, Val Accuracy: 0.6692
2024-12-12 12:05:19,332 - INFO - Epoch [5/16], Train Loss: 0.5467, Val Loss: 0.5558, Val Accuracy: 0.7101
2024-12-12 12:06:06,929 - INFO - Epoch [9/16], Train Loss: 0.4911, Val Loss: 0.5446, Val Accuracy: 0.7108
2024-12-12 12:06:54,383 - INFO - Epoch [13/16], Train Loss: 0.4259, Val Loss: 0.5635, Val Accuracy: 0.7217
2024-12-12 12:07:30,035 - INFO - Validating Models...
2024-12-12 12:07:30,035 - INFO - ====================
2024-12-12 12:07:30,050 - INFO - LR Val Acc: 0.70
2024-12-12 12:07:30,341 - INFO - RF Val Acc: 0.68
2024-12-12 12:07:30,350 - INFO - SGBoost Val Acc: 0.70
2024-12-12 12:07:30,350 - INFO - MLP Val Acc: 0.72
2024-12-12 12:07:30,350 - INFO - BiLSTM Val Acc: 0.72
2024-12-12 12:07:30,350 - INFO - ====================
2024-12-12 12:07:30,350 - INFO - >>>>>>>>>>>>>>>>>>>>>>>>>>>>>>>>>>>>>>>>>>>>>>>>>>>>>>>>>>>>>>>>>>>>>>
2024-12-12 12:07:30,350 - INFO - ----------
2024-12-12 12:07:30,350 - INFO - Trait: cEXT
2024-12-12 12:07:30,350 - INFO - ----------
2024-12-12 12:07:30,496 - INFO - Hybrid method combining SelectFromModel and Logistic Regression
2024-12-12 12:07:30,833 - INFO - selected Features: Index(['socrefs', 'feeling', 'joy', 'Apostro', 'number', 'ppron', 'memory',
       'shehe', 'curiosity', 'ipron', 'motion', 'polite', 'Conversation',
       'prep', 'negate', 'we', 'want', 'discrep', 'lack', 'friend', 'positive',
       'surprise', 'female', 'health', 'fatigue', 'i', 'prosocial', 'tentat',
       'they', 'work', 'Exclam', 'emo_pos', 'Lifestyle', 'cogproc', 'disgust',
       'visual', 'male', 'acquire', 'Social', 'swear', 'moral', 'ethnicity',
       'negative', 'affiliation', 'anger', 'Period', 'filler', 'Culture',
       'tech', 'fear', 'death', 'sent_score', 'adj', 'relig', 'focuspast',
       'emo_anx'],
      dtype='object')
2024-12-12 12:07:31,128 - INFO - statistical embedding: (44976, 56) 
2024-12-12 12:07:31,128 - INFO - contextual embedding: (44976, 768) 
2024-12-12 12:07:31,128 - INFO - total embedding: (44976, 824) 
2024-12-12 12:07:31,201 - INFO - Test size: 0.1, Train  size: (40478, 824), Val size: (4498, 824)
2024-12-12 12:07:31,210 - INFO - Data Preparation Completed.
2024-12-12 12:07:31,222 - INFO - Model Initiated.
2024-12-12 12:07:31,222 - INFO - Fitting and Saving Models...
2024-12-12 12:09:54,629 - INFO - MLP
2024-12-12 12:09:57,422 - INFO - Epoch [1/16], Train Loss: 0.6552, Val Loss: 0.6361, Val Accuracy: 0.6367
2024-12-12 12:10:09,012 - INFO - Epoch [5/16], Train Loss: 0.5984, Val Loss: 0.5948, Val Accuracy: 0.6596
2024-12-12 12:10:20,956 - INFO - Epoch [9/16], Train Loss: 0.5777, Val Loss: 0.5776, Val Accuracy: 0.6785
2024-12-12 12:10:33,156 - INFO - Epoch [13/16], Train Loss: 0.5642, Val Loss: 0.5746, Val Accuracy: 0.6832
2024-12-12 12:10:42,212 - INFO - BiLSTMClassifier
2024-12-12 12:10:54,378 - INFO - Epoch [1/16], Train Loss: 0.6621, Val Loss: 0.6326, Val Accuracy: 0.6354
2024-12-12 12:11:41,995 - INFO - Epoch [5/16], Train Loss: 0.5795, Val Loss: 0.5796, Val Accuracy: 0.6767
2024-12-12 12:12:27,748 - INFO - Epoch [9/16], Train Loss: 0.5217, Val Loss: 0.5746, Val Accuracy: 0.6781
2024-12-12 12:13:13,486 - INFO - Epoch [13/16], Train Loss: 0.4550, Val Loss: 0.6010, Val Accuracy: 0.6796
2024-12-12 12:13:47,553 - INFO - Validating Models...
2024-12-12 12:13:47,553 - INFO - ====================
2024-12-12 12:13:47,562 - INFO - LR Val Acc: 0.68
2024-12-12 12:13:47,848 - INFO - RF Val Acc: 0.66
2024-12-12 12:13:47,856 - INFO - SGBoost Val Acc: 0.68
2024-12-12 12:13:47,856 - INFO - MLP Val Acc: 0.67
2024-12-12 12:13:47,856 - INFO - BiLSTM Val Acc: 0.68
2024-12-12 12:13:47,856 - INFO - ====================
2024-12-12 12:13:47,856 - INFO - >>>>>>>>>>>>>>>>>>>>>>>>>>>>>>>>>>>>>>>>>>>>>>>>>>>>>>>>>>>>>>>>>>>>>>
2024-12-12 12:13:47,856 - INFO - ----------
2024-12-12 12:13:47,856 - INFO - Trait: cAGR
2024-12-12 12:13:47,856 - INFO - ----------
2024-12-12 12:13:47,884 - INFO - Hybrid method combining SelectFromModel and Logistic Regression
2024-12-12 12:13:48,187 - INFO - selected Features: Index(['tone_pos', 'socrefs', 'tone_neg', 'joy', 'auxverb', 'sadness', 'verb',
       'trust', 'emo_sad', 'Conversation', 'we', 'auditory', 'discrep',
       'friend', 'home', 'positive', 'surprise', 'female', 'fatigue',
       'illness', 'prosocial', 'tentat', 'nonflu', 'Exclam', 'emo_pos',
       'money', 'disgust', 'sexual', 'male', 'food', 'function', 'swear',
       'anticipation', 'leisure', 'ethnicity', 'negative', 'anger', 'Period',
       'filler', 'Culture', 'tech', 'fear', 'you', 'emotion', 'relig',
       'family', 'emo_anger'],
      dtype='object')
2024-12-12 12:13:48,326 - INFO - statistical embedding: (44976, 47) 
2024-12-12 12:13:48,326 - INFO - contextual embedding: (44976, 768) 
2024-12-12 12:13:48,326 - INFO - total embedding: (44976, 815) 
2024-12-12 12:13:48,475 - INFO - Test size: 0.1, Train  size: (40478, 815), Val size: (4498, 815)
2024-12-12 12:13:48,494 - INFO - Data Preparation Completed.
2024-12-12 12:13:48,504 - INFO - Model Initiated.
2024-12-12 12:13:48,505 - INFO - Fitting and Saving Models...
2024-12-12 12:16:11,670 - INFO - MLP
2024-12-12 12:16:14,313 - INFO - Epoch [1/16], Train Loss: 0.6424, Val Loss: 0.6110, Val Accuracy: 0.6289
2024-12-12 12:16:25,797 - INFO - Epoch [5/16], Train Loss: 0.5940, Val Loss: 0.6069, Val Accuracy: 0.6476
2024-12-12 12:16:37,466 - INFO - Epoch [9/16], Train Loss: 0.5783, Val Loss: 0.5822, Val Accuracy: 0.6547
2024-12-12 12:16:49,070 - INFO - Epoch [13/16], Train Loss: 0.5648, Val Loss: 0.5819, Val Accuracy: 0.6614
2024-12-12 12:16:57,805 - INFO - BiLSTMClassifier
2024-12-12 12:17:09,598 - INFO - Epoch [1/16], Train Loss: 0.6538, Val Loss: 0.6136, Val Accuracy: 0.6278
2024-12-12 12:17:57,029 - INFO - Epoch [5/16], Train Loss: 0.5776, Val Loss: 0.5891, Val Accuracy: 0.6623
2024-12-12 12:18:46,746 - INFO - Epoch [9/16], Train Loss: 0.5286, Val Loss: 0.5727, Val Accuracy: 0.6654
2024-12-12 12:19:36,378 - INFO - Epoch [13/16], Train Loss: 0.4742, Val Loss: 0.5706, Val Accuracy: 0.6767
2024-12-12 12:20:13,681 - INFO - Validating Models...
2024-12-12 12:20:13,681 - INFO - ====================
2024-12-12 12:20:13,690 - INFO - LR Val Acc: 0.65
2024-12-12 12:20:13,985 - INFO - RF Val Acc: 0.64
2024-12-12 12:20:13,993 - INFO - SGBoost Val Acc: 0.65
2024-12-12 12:20:13,993 - INFO - MLP Val Acc: 0.67
2024-12-12 12:20:13,993 - INFO - BiLSTM Val Acc: 0.68
2024-12-12 12:20:13,993 - INFO - ====================
2024-12-12 12:20:13,993 - INFO - >>>>>>>>>>>>>>>>>>>>>>>>>>>>>>>>>>>>>>>>>>>>>>>>>>>>>>>>>>>>>>>>>>>>>>
2024-12-12 12:20:13,993 - INFO - ----------
2024-12-12 12:20:13,993 - INFO - Trait: cNEU
2024-12-12 12:20:13,993 - INFO - ----------
2024-12-12 12:20:14,022 - INFO - Hybrid method combining SelectFromModel and Logistic Regression
2024-12-12 12:20:14,323 - INFO - selected Features: Index(['socrefs', 'tone_neg', 'joy', 'reward', 'comm', 'auxverb', 'number',
       'sadness', 'ppron', 'trust', 'pronoun', 'Comma', 'Conversation', 'we',
       'auditory', 'focusfuture', 'friend', 'substances', 'positive',
       'surprise', 'need', 'female', 'health', 'conj', 'i', 'risk', 'tentat',
       'work', 'time', 'achieve', 'wellness', 'money', 'sexual', 'food',
       'function', 'acquire', 'power', 'leisure', 'ethnicity', 'anger',
       'assent', 'Culture', 'death', 'sent_score', 'you', 'relig', 'family',
       'focuspast', 'mental'],
      dtype='object')
2024-12-12 12:20:14,471 - INFO - statistical embedding: (44976, 49) 
2024-12-12 12:20:14,472 - INFO - contextual embedding: (44976, 768) 
2024-12-12 12:20:14,472 - INFO - total embedding: (44976, 817) 
2024-12-12 12:20:14,551 - INFO - Test size: 0.1, Train  size: (40478, 817), Val size: (4498, 817)
2024-12-12 12:20:14,564 - INFO - Data Preparation Completed.
2024-12-12 12:20:14,575 - INFO - Model Initiated.
2024-12-12 12:20:14,575 - INFO - Fitting and Saving Models...
2024-12-12 12:22:37,801 - INFO - MLP
2024-12-12 12:22:40,529 - INFO - Epoch [1/16], Train Loss: 0.6733, Val Loss: 0.6479, Val Accuracy: 0.5992
2024-12-12 12:22:52,638 - INFO - Epoch [5/16], Train Loss: 0.6180, Val Loss: 0.6163, Val Accuracy: 0.6352
2024-12-12 12:23:05,052 - INFO - Epoch [9/16], Train Loss: 0.5993, Val Loss: 0.5955, Val Accuracy: 0.6465
2024-12-12 12:23:17,382 - INFO - Epoch [13/16], Train Loss: 0.5816, Val Loss: 0.5890, Val Accuracy: 0.6525
2024-12-12 12:23:26,535 - INFO - BiLSTMClassifier
2024-12-12 12:23:38,617 - INFO - Epoch [1/16], Train Loss: 0.6850, Val Loss: 0.6558, Val Accuracy: 0.5878
2024-12-12 12:24:26,935 - INFO - Epoch [5/16], Train Loss: 0.5950, Val Loss: 0.5892, Val Accuracy: 0.6470
2024-12-12 12:25:14,809 - INFO - Epoch [9/16], Train Loss: 0.5365, Val Loss: 0.5821, Val Accuracy: 0.6652
2024-12-12 12:26:02,605 - INFO - Epoch [13/16], Train Loss: 0.4696, Val Loss: 0.5956, Val Accuracy: 0.6616
2024-12-12 12:26:38,415 - INFO - Validating Models...
2024-12-12 12:26:38,415 - INFO - ====================
2024-12-12 12:26:38,425 - INFO - LR Val Acc: 0.63
2024-12-12 12:26:38,716 - INFO - RF Val Acc: 0.62
2024-12-12 12:26:38,723 - INFO - SGBoost Val Acc: 0.64
2024-12-12 12:26:38,723 - INFO - MLP Val Acc: 0.66
2024-12-12 12:26:38,723 - INFO - BiLSTM Val Acc: 0.66
2024-12-12 12:26:38,723 - INFO - ====================
2024-12-12 12:26:38,723 - INFO - >>>>>>>>>>>>>>>>>>>>>>>>>>>>>>>>>>>>>>>>>>>>>>>>>>>>>>>>>>>>>>>>>>>>>>
2024-12-12 12:26:38,723 - INFO - generating metrics and confusion matrix ..
2024-12-12 12:26:38,723 - INFO - =============== lr ===============
2024-12-12 12:26:38,780 - INFO - ---------- cOPN ----------
2024-12-12 12:26:38,781 - INFO - Accuracy: 0.65
2024-12-12 12:26:38,781 - INFO - Precision: 0.66
2024-12-12 12:26:38,781 - INFO - Recall (Sensitivity): 0.83
2024-12-12 12:26:38,781 - INFO - F1-Score: 0.73
2024-12-12 12:26:38,781 - INFO - Specificity: 0.40
2024-12-12 12:26:38,781 - INFO - False Positive Rate: 0.60
2024-12-12 12:26:38,781 - INFO - Confusion Matrix: [[ 756 1135]
 [ 440 2167]]
2024-12-12 12:26:38,794 - INFO - ---------- cCON ----------
2024-12-12 12:26:38,794 - INFO - Accuracy: 0.70
2024-12-12 12:26:38,794 - INFO - Precision: 0.63
2024-12-12 12:26:38,794 - INFO - Recall (Sensitivity): 0.36
2024-12-12 12:26:38,794 - INFO - F1-Score: 0.45
2024-12-12 12:26:38,794 - INFO - Specificity: 0.88
2024-12-12 12:26:38,794 - INFO - False Positive Rate: 0.12
2024-12-12 12:26:38,795 - INFO - Confusion Matrix: [[2576  335]
 [1021  566]]
2024-12-12 12:26:38,806 - INFO - ---------- cEXT ----------
2024-12-12 12:26:38,806 - INFO - Accuracy: 0.68
2024-12-12 12:26:38,806 - INFO - Precision: 0.66
2024-12-12 12:26:38,806 - INFO - Recall (Sensitivity): 0.52
2024-12-12 12:26:38,806 - INFO - F1-Score: 0.58
2024-12-12 12:26:38,806 - INFO - Specificity: 0.80
2024-12-12 12:26:38,806 - INFO - False Positive Rate: 0.20
2024-12-12 12:26:38,806 - INFO - Confusion Matrix: [[2045  522]
 [ 933  998]]
2024-12-12 12:26:38,815 - INFO - ---------- cAGR ----------
2024-12-12 12:26:38,815 - INFO - Accuracy: 0.65
2024-12-12 12:26:38,815 - INFO - Precision: 0.61
2024-12-12 12:26:38,815 - INFO - Recall (Sensitivity): 0.57
2024-12-12 12:26:38,815 - INFO - F1-Score: 0.59
2024-12-12 12:26:38,815 - INFO - Specificity: 0.71
2024-12-12 12:26:38,815 - INFO - False Positive Rate: 0.29
2024-12-12 12:26:38,815 - INFO - Confusion Matrix: [[1782  729]
 [ 845 1142]]
2024-12-12 12:26:38,824 - INFO - ---------- cNEU ----------
2024-12-12 12:26:38,824 - INFO - Accuracy: 0.63
2024-12-12 12:26:38,824 - INFO - Precision: 0.61
2024-12-12 12:26:38,824 - INFO - Recall (Sensitivity): 0.58
2024-12-12 12:26:38,824 - INFO - F1-Score: 0.60
2024-12-12 12:26:38,824 - INFO - Specificity: 0.68
2024-12-12 12:26:38,824 - INFO - False Positive Rate: 0.32
2024-12-12 12:26:38,824 - INFO - Confusion Matrix: [[1611  774]
 [ 884 1229]]
2024-12-12 12:26:38,876 - INFO - =============== rf ===============
2024-12-12 12:26:38,921 - INFO - ---------- cOPN ----------
2024-12-12 12:26:38,921 - INFO - Accuracy: 0.64
2024-12-12 12:26:38,921 - INFO - Precision: 0.64
2024-12-12 12:26:38,921 - INFO - Recall (Sensitivity): 0.87
2024-12-12 12:26:38,921 - INFO - F1-Score: 0.74
2024-12-12 12:26:38,921 - INFO - Specificity: 0.32
2024-12-12 12:26:38,921 - INFO - False Positive Rate: 0.68
2024-12-12 12:26:38,922 - INFO - Confusion Matrix: [[ 608 1283]
 [ 328 2279]]
2024-12-12 12:26:38,932 - INFO - ---------- cCON ----------
2024-12-12 12:26:38,932 - INFO - Accuracy: 0.68
2024-12-12 12:26:38,932 - INFO - Precision: 0.65
2024-12-12 12:26:38,932 - INFO - Recall (Sensitivity): 0.19
2024-12-12 12:26:38,932 - INFO - F1-Score: 0.29
2024-12-12 12:26:38,932 - INFO - Specificity: 0.95
2024-12-12 12:26:38,932 - INFO - False Positive Rate: 0.05
2024-12-12 12:26:38,932 - INFO - Confusion Matrix: [[2752  159]
 [1287  300]]
2024-12-12 12:26:38,942 - INFO - ---------- cEXT ----------
2024-12-12 12:26:38,942 - INFO - Accuracy: 0.66
2024-12-12 12:26:38,942 - INFO - Precision: 0.70
2024-12-12 12:26:38,942 - INFO - Recall (Sensitivity): 0.37
2024-12-12 12:26:38,942 - INFO - F1-Score: 0.48
2024-12-12 12:26:38,942 - INFO - Specificity: 0.88
2024-12-12 12:26:38,942 - INFO - False Positive Rate: 0.12
2024-12-12 12:26:38,942 - INFO - Confusion Matrix: [[2252  315]
 [1212  719]]
2024-12-12 12:26:38,950 - INFO - ---------- cAGR ----------
2024-12-12 12:26:38,950 - INFO - Accuracy: 0.64
2024-12-12 12:26:38,950 - INFO - Precision: 0.62
2024-12-12 12:26:38,950 - INFO - Recall (Sensitivity): 0.47
2024-12-12 12:26:38,950 - INFO - F1-Score: 0.53
2024-12-12 12:26:38,950 - INFO - Specificity: 0.77
2024-12-12 12:26:38,950 - INFO - False Positive Rate: 0.23
2024-12-12 12:26:38,950 - INFO - Confusion Matrix: [[1935  576]
 [1061  926]]
2024-12-12 12:26:38,959 - INFO - ---------- cNEU ----------
2024-12-12 12:26:38,959 - INFO - Accuracy: 0.62
2024-12-12 12:26:38,959 - INFO - Precision: 0.61
2024-12-12 12:26:38,959 - INFO - Recall (Sensitivity): 0.51
2024-12-12 12:26:38,959 - INFO - F1-Score: 0.56
2024-12-12 12:26:38,959 - INFO - Specificity: 0.71
2024-12-12 12:26:38,960 - INFO - False Positive Rate: 0.29
2024-12-12 12:26:38,960 - INFO - Confusion Matrix: [[1703  682]
 [1038 1075]]
2024-12-12 12:26:38,996 - INFO - =============== xgb ===============
2024-12-12 12:26:39,035 - INFO - ---------- cOPN ----------
2024-12-12 12:26:39,035 - INFO - Accuracy: 0.65
2024-12-12 12:26:39,035 - INFO - Precision: 0.66
2024-12-12 12:26:39,035 - INFO - Recall (Sensitivity): 0.85
2024-12-12 12:26:39,035 - INFO - F1-Score: 0.74
2024-12-12 12:26:39,035 - INFO - Specificity: 0.39
2024-12-12 12:26:39,035 - INFO - False Positive Rate: 0.61
2024-12-12 12:26:39,035 - INFO - Confusion Matrix: [[ 730 1161]
 [ 402 2205]]
2024-12-12 12:26:39,046 - INFO - ---------- cCON ----------
2024-12-12 12:26:39,047 - INFO - Accuracy: 0.70
2024-12-12 12:26:39,047 - INFO - Precision: 0.66
2024-12-12 12:26:39,047 - INFO - Recall (Sensitivity): 0.34
2024-12-12 12:26:39,047 - INFO - F1-Score: 0.45
2024-12-12 12:26:39,047 - INFO - Specificity: 0.90
2024-12-12 12:26:39,047 - INFO - False Positive Rate: 0.10
2024-12-12 12:26:39,047 - INFO - Confusion Matrix: [[2626  285]
 [1042  545]]
2024-12-12 12:26:39,056 - INFO - ---------- cEXT ----------
2024-12-12 12:26:39,056 - INFO - Accuracy: 0.68
2024-12-12 12:26:39,056 - INFO - Precision: 0.67
2024-12-12 12:26:39,056 - INFO - Recall (Sensitivity): 0.48
2024-12-12 12:26:39,056 - INFO - F1-Score: 0.56
2024-12-12 12:26:39,056 - INFO - Specificity: 0.82
2024-12-12 12:26:39,056 - INFO - False Positive Rate: 0.18
2024-12-12 12:26:39,056 - INFO - Confusion Matrix: [[2115  452]
 [ 996  935]]
2024-12-12 12:26:39,066 - INFO - ---------- cAGR ----------
2024-12-12 12:26:39,066 - INFO - Accuracy: 0.65
2024-12-12 12:26:39,066 - INFO - Precision: 0.61
2024-12-12 12:26:39,066 - INFO - Recall (Sensitivity): 0.57
2024-12-12 12:26:39,066 - INFO - F1-Score: 0.59
2024-12-12 12:26:39,066 - INFO - Specificity: 0.72
2024-12-12 12:26:39,066 - INFO - False Positive Rate: 0.28
2024-12-12 12:26:39,066 - INFO - Confusion Matrix: [[1800  711]
 [ 862 1125]]
2024-12-12 12:26:39,073 - INFO - ---------- cNEU ----------
2024-12-12 12:26:39,073 - INFO - Accuracy: 0.64
2024-12-12 12:26:39,073 - INFO - Precision: 0.62
2024-12-12 12:26:39,073 - INFO - Recall (Sensitivity): 0.59
2024-12-12 12:26:39,073 - INFO - F1-Score: 0.60
2024-12-12 12:26:39,073 - INFO - Specificity: 0.68
2024-12-12 12:26:39,073 - INFO - False Positive Rate: 0.32
2024-12-12 12:26:39,074 - INFO - Confusion Matrix: [[1624  761]
 [ 874 1239]]
2024-12-12 12:26:39,111 - INFO - =============== mlp ===============
2024-12-12 12:26:39,151 - INFO - ---------- cOPN ----------
2024-12-12 12:26:39,151 - INFO - Accuracy: 0.67
2024-12-12 12:26:39,151 - INFO - Precision: 0.67
2024-12-12 12:26:39,151 - INFO - Recall (Sensitivity): 0.82
2024-12-12 12:26:39,151 - INFO - F1-Score: 0.74
2024-12-12 12:26:39,151 - INFO - Specificity: 0.45
2024-12-12 12:26:39,151 - INFO - False Positive Rate: 0.55
2024-12-12 12:26:39,151 - INFO - Confusion Matrix: [[ 855 1036]
 [ 467 2140]]
2024-12-12 12:26:39,163 - INFO - ---------- cCON ----------
2024-12-12 12:26:39,163 - INFO - Accuracy: 0.72
2024-12-12 12:26:39,163 - INFO - Precision: 0.68
2024-12-12 12:26:39,163 - INFO - Recall (Sensitivity): 0.36
2024-12-12 12:26:39,163 - INFO - F1-Score: 0.47
2024-12-12 12:26:39,163 - INFO - Specificity: 0.91
2024-12-12 12:26:39,163 - INFO - False Positive Rate: 0.09
2024-12-12 12:26:39,163 - INFO - Confusion Matrix: [[2638  273]
 [1008  579]]
2024-12-12 12:26:39,173 - INFO - ---------- cEXT ----------
2024-12-12 12:26:39,173 - INFO - Accuracy: 0.67
2024-12-12 12:26:39,173 - INFO - Precision: 0.67
2024-12-12 12:26:39,173 - INFO - Recall (Sensitivity): 0.47
2024-12-12 12:26:39,173 - INFO - F1-Score: 0.55
2024-12-12 12:26:39,173 - INFO - Specificity: 0.83
2024-12-12 12:26:39,173 - INFO - False Positive Rate: 0.17
2024-12-12 12:26:39,173 - INFO - Confusion Matrix: [[2125  442]
 [1022  909]]
2024-12-12 12:26:39,183 - INFO - ---------- cAGR ----------
2024-12-12 12:26:39,183 - INFO - Accuracy: 0.67
2024-12-12 12:26:39,183 - INFO - Precision: 0.68
2024-12-12 12:26:39,183 - INFO - Recall (Sensitivity): 0.48
2024-12-12 12:26:39,183 - INFO - F1-Score: 0.56
2024-12-12 12:26:39,183 - INFO - Specificity: 0.82
2024-12-12 12:26:39,183 - INFO - False Positive Rate: 0.18
2024-12-12 12:26:39,183 - INFO - Confusion Matrix: [[2055  456]
 [1035  952]]
2024-12-12 12:26:39,191 - INFO - ---------- cNEU ----------
2024-12-12 12:26:39,191 - INFO - Accuracy: 0.66
2024-12-12 12:26:39,191 - INFO - Precision: 0.63
2024-12-12 12:26:39,191 - INFO - Recall (Sensitivity): 0.64
2024-12-12 12:26:39,191 - INFO - F1-Score: 0.64
2024-12-12 12:26:39,191 - INFO - Specificity: 0.67
2024-12-12 12:26:39,191 - INFO - False Positive Rate: 0.33
2024-12-12 12:26:39,191 - INFO - Confusion Matrix: [[1590  795]
 [ 755 1358]]
2024-12-12 12:26:39,227 - INFO - =============== bilstm ===============
2024-12-12 12:26:39,268 - INFO - ---------- cOPN ----------
2024-12-12 12:26:39,268 - INFO - Accuracy: 0.67
2024-12-12 12:26:39,268 - INFO - Precision: 0.69
2024-12-12 12:26:39,268 - INFO - Recall (Sensitivity): 0.79
2024-12-12 12:26:39,268 - INFO - F1-Score: 0.74
2024-12-12 12:26:39,268 - INFO - Specificity: 0.51
2024-12-12 12:26:39,268 - INFO - False Positive Rate: 0.49
2024-12-12 12:26:39,268 - INFO - Confusion Matrix: [[ 965  926]
 [ 549 2058]]
2024-12-12 12:26:39,279 - INFO - ---------- cCON ----------
2024-12-12 12:26:39,279 - INFO - Accuracy: 0.72
2024-12-12 12:26:39,279 - INFO - Precision: 0.62
2024-12-12 12:26:39,279 - INFO - Recall (Sensitivity): 0.51
2024-12-12 12:26:39,279 - INFO - F1-Score: 0.56
2024-12-12 12:26:39,279 - INFO - Specificity: 0.83
2024-12-12 12:26:39,279 - INFO - False Positive Rate: 0.17
2024-12-12 12:26:39,280 - INFO - Confusion Matrix: [[2402  509]
 [ 770  817]]
2024-12-12 12:26:39,289 - INFO - ---------- cEXT ----------
2024-12-12 12:26:39,289 - INFO - Accuracy: 0.68
2024-12-12 12:26:39,289 - INFO - Precision: 0.66
2024-12-12 12:26:39,289 - INFO - Recall (Sensitivity): 0.54
2024-12-12 12:26:39,289 - INFO - F1-Score: 0.59
2024-12-12 12:26:39,289 - INFO - Specificity: 0.79
2024-12-12 12:26:39,289 - INFO - False Positive Rate: 0.21
2024-12-12 12:26:39,289 - INFO - Confusion Matrix: [[2021  546]
 [ 894 1037]]
2024-12-12 12:26:39,299 - INFO - ---------- cAGR ----------
2024-12-12 12:26:39,299 - INFO - Accuracy: 0.68
2024-12-12 12:26:39,299 - INFO - Precision: 0.66
2024-12-12 12:26:39,299 - INFO - Recall (Sensitivity): 0.56
2024-12-12 12:26:39,299 - INFO - F1-Score: 0.61
2024-12-12 12:26:39,299 - INFO - Specificity: 0.77
2024-12-12 12:26:39,299 - INFO - False Positive Rate: 0.23
2024-12-12 12:26:39,299 - INFO - Confusion Matrix: [[1930  581]
 [ 869 1118]]
2024-12-12 12:26:39,308 - INFO - ---------- cNEU ----------
2024-12-12 12:26:39,308 - INFO - Accuracy: 0.66
2024-12-12 12:26:39,308 - INFO - Precision: 0.65
2024-12-12 12:26:39,308 - INFO - Recall (Sensitivity): 0.62
2024-12-12 12:26:39,308 - INFO - F1-Score: 0.64
2024-12-12 12:26:39,308 - INFO - Specificity: 0.70
2024-12-12 12:26:39,308 - INFO - False Positive Rate: 0.30
2024-12-12 12:26:39,308 - INFO - Confusion Matrix: [[1669  716]
 [ 793 1320]]
2024-12-12 12:26:39,590 - INFO - Performance metrics dataframe created with shape: (25, 9)
2024-12-12 12:26:39,594 - INFO - Optimal Threshold: 0.5993656636641481
2024-12-12 12:26:39,603 - INFO - Optimal Threshold: 0.36735104080108855
2024-12-12 12:26:39,604 - INFO - Optimal Threshold: 0.4577724466545393
2024-12-12 12:26:39,606 - INFO - Optimal Threshold: 0.44872336177692596
2024-12-12 12:26:39,607 - INFO - Optimal Threshold: 0.4467717930387889
2024-12-12 12:26:39,728 - INFO - Optimal Threshold: 0.57
2024-12-12 12:26:39,736 - INFO - Optimal Threshold: 0.41
2024-12-12 12:26:39,737 - INFO - Optimal Threshold: 0.45
2024-12-12 12:26:39,739 - INFO - Optimal Threshold: 0.44
2024-12-12 12:26:39,740 - INFO - Optimal Threshold: 0.47
2024-12-12 12:26:39,848 - INFO - Optimal Threshold: 0.5968648195266724
2024-12-12 12:26:39,857 - INFO - Optimal Threshold: 0.32883957028388977
2024-12-12 12:26:39,858 - INFO - Optimal Threshold: 0.4788554012775421
2024-12-12 12:26:39,860 - INFO - Optimal Threshold: 0.42787808179855347
2024-12-12 12:26:39,861 - INFO - Optimal Threshold: 0.5363419055938721
2024-12-12 12:26:39,979 - INFO - Optimal Threshold: 0.12629148364067078
2024-12-12 12:26:39,987 - INFO - Optimal Threshold: -0.6445791721343994
2024-12-12 12:26:39,988 - INFO - Optimal Threshold: -0.43902117013931274
2024-12-12 12:26:39,990 - INFO - Optimal Threshold: -0.2811615765094757
2024-12-12 12:26:39,991 - INFO - Optimal Threshold: 0.030364982783794403
2024-12-12 12:26:40,111 - INFO - Optimal Threshold: 0.33281779289245605
2024-12-12 12:26:40,119 - INFO - Optimal Threshold: -0.4002314507961273
2024-12-12 12:26:40,120 - INFO - Optimal Threshold: -0.5495213270187378
2024-12-12 12:26:40,122 - INFO - Optimal Threshold: -0.5238285064697266
2024-12-12 12:26:40,123 - INFO - Optimal Threshold: -0.21021884679794312
